[2012-12-12 15:59:16] request.ERROR: Symfony\Component\HttpKernel\Exception\NotFoundHttpException: No route found for "GET /styles/blueprint/screen.css" (uncaught exception) at /Applications/MAMP/htdocs/tp/vendor/symfony/symfony/src/Symfony/Component/HttpKernel/EventListener/RouterListener.php line 92 [] []
[2012-12-12 15:59:17] request.ERROR: Symfony\Component\HttpKernel\Exception\NotFoundHttpException: No route found for "GET /styles/blueprint/print.css" (uncaught exception) at /Applications/MAMP/htdocs/tp/vendor/symfony/symfony/src/Symfony/Component/HttpKernel/EventListener/RouterListener.php line 92 [] []
[2012-12-12 16:00:04] request.ERROR: Symfony\Component\HttpKernel\Exception\NotFoundHttpException: No route found for "GET /styles/blueprint/screen.css" (uncaught exception) at /Applications/MAMP/htdocs/tp/app/cache/prod/classes.php line 5110 [] []
[2012-12-12 16:00:04] request.ERROR: Symfony\Component\HttpKernel\Exception\NotFoundHttpException: No route found for "GET /images/logo.png" (uncaught exception) at /Applications/MAMP/htdocs/tp/app/cache/prod/classes.php line 5110 [] []
[2012-12-12 16:00:04] request.ERROR: Symfony\Component\HttpKernel\Exception\NotFoundHttpException: No route found for "GET /images/share.png" (uncaught exception) at /Applications/MAMP/htdocs/tp/app/cache/prod/classes.php line 5110 [] []
[2012-12-12 16:00:04] request.ERROR: Symfony\Component\HttpKernel\Exception\NotFoundHttpException: No route found for "GET /styles/style.css" (uncaught exception) at /Applications/MAMP/htdocs/tp/app/cache/prod/classes.php line 5110 [] []
[2012-12-12 16:00:04] request.ERROR: Symfony\Component\HttpKernel\Exception\NotFoundHttpException: No route found for "GET /images/user.png" (uncaught exception) at /Applications/MAMP/htdocs/tp/app/cache/prod/classes.php line 5110 [] []
[2012-12-12 16:00:04] request.ERROR: Symfony\Component\HttpKernel\Exception\NotFoundHttpException: No route found for "GET /images/facebook.png" (uncaught exception) at /Applications/MAMP/htdocs/tp/app/cache/prod/classes.php line 5110 [] []
[2012-12-12 16:00:04] request.ERROR: Symfony\Component\HttpKernel\Exception\NotFoundHttpException: No route found for "GET /images/rss.png" (uncaught exception) at /Applications/MAMP/htdocs/tp/app/cache/prod/classes.php line 5110 [] []
[2012-12-12 16:00:04] request.ERROR: Symfony\Component\HttpKernel\Exception\NotFoundHttpException: No route found for "GET /styles/blueprint/print.css" (uncaught exception) at /Applications/MAMP/htdocs/tp/app/cache/prod/classes.php line 5110 [] []
[2012-12-12 16:02:52] request.ERROR: Symfony\Component\HttpKernel\Exception\NotFoundHttpException: No route found for "GET /images/user.png" (uncaught exception) at /Applications/MAMP/htdocs/tp/app/cache/prod/classes.php line 5110 [] []
[2012-12-12 16:02:52] request.ERROR: Symfony\Component\HttpKernel\Exception\NotFoundHttpException: No route found for "GET /images/rss.png" (uncaught exception) at /Applications/MAMP/htdocs/tp/app/cache/prod/classes.php line 5110 [] []
[2012-12-12 16:02:52] request.ERROR: Symfony\Component\HttpKernel\Exception\NotFoundHttpException: No route found for "GET /images/logo.png" (uncaught exception) at /Applications/MAMP/htdocs/tp/app/cache/prod/classes.php line 5110 [] []
[2012-12-12 16:02:52] request.ERROR: Symfony\Component\HttpKernel\Exception\NotFoundHttpException: No route found for "GET /styles/blueprint/screen.css" (uncaught exception) at /Applications/MAMP/htdocs/tp/app/cache/prod/classes.php line 5110 [] []
[2012-12-12 16:02:52] request.ERROR: Symfony\Component\HttpKernel\Exception\NotFoundHttpException: No route found for "GET /images/share.png" (uncaught exception) at /Applications/MAMP/htdocs/tp/app/cache/prod/classes.php line 5110 [] []
[2012-12-12 16:02:52] request.ERROR: Symfony\Component\HttpKernel\Exception\NotFoundHttpException: No route found for "GET /styles/style.css" (uncaught exception) at /Applications/MAMP/htdocs/tp/app/cache/prod/classes.php line 5110 [] []
[2012-12-12 16:02:52] request.ERROR: Symfony\Component\HttpKernel\Exception\NotFoundHttpException: No route found for "GET /images/facebook.png" (uncaught exception) at /Applications/MAMP/htdocs/tp/app/cache/prod/classes.php line 5110 [] []
[2012-12-12 16:02:52] request.ERROR: Symfony\Component\HttpKernel\Exception\NotFoundHttpException: No route found for "GET /styles/blueprint/print.css" (uncaught exception) at /Applications/MAMP/htdocs/tp/app/cache/prod/classes.php line 5110 [] []
[2012-12-14 09:17:36] request.ERROR: Symfony\Component\HttpKernel\Exception\NotFoundHttpException: No route found for "GET /Static/contact.html.twig" (uncaught exception) at /Applications/MAMP/htdocs/tp/app/cache/prod/classes.php line 5110 [] []
[2012-12-14 09:17:51] request.ERROR: Symfony\Component\HttpKernel\Exception\NotFoundHttpException: No route found for "GET /contact.html.twig" (uncaught exception) at /Applications/MAMP/htdocs/tp/app/cache/prod/classes.php line 5110 [] []
[2012-12-14 09:17:56] request.ERROR: Symfony\Component\HttpKernel\Exception\NotFoundHttpException: No route found for "GET /contact.html.twig" (uncaught exception) at /Applications/MAMP/htdocs/tp/app/cache/prod/classes.php line 5110 [] []
[2012-12-14 09:20:19] request.ERROR: Symfony\Component\HttpKernel\Exception\NotFoundHttpException: No route found for "GET /contact.html" (uncaught exception) at /Applications/MAMP/htdocs/tp/app/cache/prod/classes.php line 5110 [] []
[2012-12-14 09:53:51] request.ERROR: Symfony\Component\HttpKernel\Exception\NotFoundHttpException: No route found for "GET /images/miguel.jpg" (uncaught exception) at /Applications/MAMP/htdocs/tp/app/cache/prod/classes.php line 5110 [] []
[2013-01-14 08:48:05] request.INFO: Matched route "tp_blog_homepage" (parameters: "_controller": "Tp\BlogBundle\Controller\DefaultController::indexAction", "_route": "tp_blog_homepage") [] []
[2013-01-14 08:48:05] request.CRITICAL: Doctrine\ORM\ORMException: Unknown Entity namespace alias 'TpBlogBundle'. (uncaught exception) at /Applications/MAMP/htdocs/tp/vendor/doctrine/orm/lib/Doctrine/ORM/ORMException.php line 148 [] []
